2025-02-20 13:54:43 - INFO - Iniciando track_new.py...
2025-02-20 13:54:43 - INFO - Iniciando api.py...
2025-02-20 13:54:50 - INFO - Monitoramento interrompido pelo usuário.
2025-02-20 13:54:50 - ERROR - api.py falhou.
2025-02-20 13:54:50 - ERROR - track_new.py falhou.
2025-02-25 08:20:29 - INFO - Iniciando api.py...
2025-02-25 08:20:29 - INFO - Iniciando track_new.py...
2025-02-25 08:20:29 - ERROR - api.py falhou.
2025-02-25 08:20:29 - ERROR - track_new.py falhou.
2025-02-25 08:20:31 - INFO - Iniciando api.py...
2025-02-25 08:20:31 - INFO - Iniciando track_new.py...
2025-02-25 08:20:31 - ERROR - api.py falhou.
2025-02-25 08:20:31 - ERROR - track_new.py falhou.
2025-02-25 08:20:33 - INFO - Iniciando api.py...
2025-02-25 08:20:33 - INFO - Iniciando track_new.py...
2025-02-25 08:20:33 - ERROR - api.py falhou.
2025-02-25 08:20:33 - ERROR - api.py falhou 3 vezes em 300 segundos. Parando...
2025-02-25 08:20:33 - ERROR - track_new.py falhou.
2025-02-25 08:20:33 - ERROR - track_new.py falhou 3 vezes em 300 segundos. Parando...
2025-02-25 08:20:51 - INFO - Iniciando track_new.py...
2025-02-25 08:20:51 - INFO - Iniciando api.py...
2025-02-25 08:20:51 - ERROR - api.py falhou.
2025-02-25 08:20:51 - ERROR - track_new.py falhou.
2025-02-25 08:20:53 - INFO - Iniciando api.py...
2025-02-25 08:20:53 - INFO - Iniciando track_new.py...
2025-02-25 08:20:53 - ERROR - api.py falhou.
2025-02-25 08:20:53 - ERROR - track_new.py falhou.
2025-02-25 08:20:55 - INFO - Iniciando api.py...
2025-02-25 08:20:55 - INFO - Iniciando track_new.py...
2025-02-25 08:20:56 - ERROR - api.py falhou.
2025-02-25 08:20:56 - ERROR - api.py falhou 3 vezes em 300 segundos. Parando...
2025-02-25 08:20:56 - ERROR - track_new.py falhou.
2025-02-25 08:20:56 - ERROR - track_new.py falhou 3 vezes em 300 segundos. Parando...
2025-02-25 08:21:46 - INFO - Iniciando track_new.py...
2025-02-25 08:21:46 - INFO - Iniciando api.py...
2025-02-25 08:21:46 - ERROR - api.py falhou.
2025-02-25 08:21:46 - ERROR - track_new.py falhou.
2025-02-25 08:21:48 - INFO - Iniciando api.py...
2025-02-25 08:21:48 - INFO - Iniciando track_new.py...
2025-02-25 08:21:48 - ERROR - api.py falhou.
2025-02-25 08:21:48 - ERROR - track_new.py falhou.
2025-02-25 08:21:50 - INFO - Iniciando api.py...
2025-02-25 08:21:50 - INFO - Iniciando track_new.py...
2025-02-25 08:21:50 - ERROR - api.py falhou.
2025-02-25 08:21:50 - ERROR - api.py falhou 3 vezes em 300 segundos. Parando...
2025-02-25 08:21:50 - ERROR - track_new.py falhou.
2025-02-25 08:21:50 - ERROR - track_new.py falhou 3 vezes em 300 segundos. Parando...
